<?xml version="1.0" encoding="UTF-8"?>
<!-- Generated by org.testng.reporters.JUnitReportReporter -->
<testsuite hostname="Admin" failures="0" tests="1" name="BatchExecution.TestCase2" time="3.635" errors="0" timestamp="2024-11-27T11:28:08 IST" skipped="0">
  <testcase classname="BatchExecution.TestCase2" name="dws" time="3.635"/>
</testsuite> <!-- BatchExecution.TestCase2 -->
