<?xml version="1.0" encoding="UTF-8"?>
<!-- Generated by org.testng.reporters.JUnitReportReporter -->
<testsuite hostname="Admin" failures="0" tests="1" name="com.crm.AdvanceSeleniumE4.DataFormat" time="0.056" errors="0" timestamp="2024-11-28T10:53:25 IST" skipped="0">
  <testcase classname="com.crm.AdvanceSeleniumE4.DataFormat" name="main" time="0.056"/>
</testsuite> <!-- com.crm.AdvanceSeleniumE4.DataFormat -->
