<?xml version="1.0" encoding="UTF-8"?>
<!-- Generated by org.testng.reporters.JUnitReportReporter -->
<testsuite hostname="Admin" failures="0" tests="1" name="com.crm.AdvanceSeleniumE4.RandomNumber" time="0.005" errors="0" timestamp="2024-11-28T11:13:54 IST" skipped="0">
  <testcase classname="com.crm.AdvanceSeleniumE4.RandomNumber" name="main" time="0.005"/>
</testsuite> <!-- com.crm.AdvanceSeleniumE4.RandomNumber -->
