<?xml version="1.0" encoding="UTF-8"?>
<!-- Generated by org.testng.reporters.JUnitReportReporter -->
<testsuite hostname="Admin" failures="0" tests="1" name="com.crm.AdvanceSeleniumE4.TestCase3" time="1.486" errors="0" timestamp="2024-11-26T11:13:57 IST" skipped="0">
  <testcase classname="com.crm.AdvanceSeleniumE4.TestCase3" name="honda" time="1.486"/>
</testsuite> <!-- com.crm.AdvanceSeleniumE4.TestCase3 -->
