<?xml version="1.0" encoding="UTF-8"?>
<!-- Generated by org.testng.reporters.JUnitReportReporter -->
<testsuite hostname="Admin" failures="0" tests="1" name="BatchExecution.TestCase8" time="5.351" errors="0" timestamp="2024-11-27T11:28:08 IST" skipped="0">
  <testcase classname="BatchExecution.TestCase8" name="csk" time="5.351"/>
</testsuite> <!-- BatchExecution.TestCase8 -->
